<?xml version="1.0" encoding="UTF-8"?>
<testsuite xmlns:xsi="http://www.w3.org/2001/XMLSchema-instance" xsi:noNamespaceSchemaLocation="https://maven.apache.org/surefire/maven-surefire-plugin/xsd/surefire-test-report.xsd" name="com.TestDrivenDevelopment.AirportTest" time="0.081" tests="4" errors="0" skipped="0" failures="0">
  <properties>
[...]
</properties>
  <testcase name="testBusinessFlightVipPassenger" classname="com.TestDrivenDevelopment.AirportTest$businessFlightTest" time="0.051"/>
  <testcase name="testBusinessFlightRegularPassenger" classname="com.TestDrivenDevelopment.AirportTest$businessFlightTest" time="0.002"/>
  <testcase name="testEconomyFlightRegularPassenger" classname="com.TestDrivenDevelopment.AirportTest$EconomyFlightTest" time="0.001"/>
  <testcase name="testEconomyFlightVipPassenger" classname="com.TestDrivenDevelopment.AirportTest$EconomyFlightTest" time="0.001"/>
</testsuite>